
*** Running vivado
    with args -log cpu_assembly.vds -m64 -product Vivado -mode batch -messageDb vivado.pb -notrace -source cpu_assembly.tcl


ECHO is off.
ECHO is off.

****** Vivado v2023.2 (64-bit)
  **** SW Build 4029153 on Fri Oct 13 20:14:34 MDT 2023
  **** IP Build 4028589 on Sat Oct 14 00:45:43 MDT 2023
  **** SharedData Build 4025554 on Tue Oct 10 17:18:54 MDT 2023
    ** Copyright 1986-2022 Xilinx, Inc. All Rights Reserved.
    ** Copyright 2022-2023 Advanced Micro Devices, Inc. All Rights Reserved.

source cpu_assembly.tcl -notrace
create_project: Time (s): cpu = 00:00:04 ; elapsed = 00:00:08 . Memory (MB): peak = 472.992 ; gain = 178.293
Command: read_checkpoint -auto_incremental -incremental C:/Users/alx30/Documents/CPUProject/CPUProject/CPUProject.srcs/utils_1/imports/synth_1/counter4bit.dcp
INFO: [Vivado 12-5825] Read reference checkpoint from C:/Users/alx30/Documents/CPUProject/CPUProject/CPUProject.srcs/utils_1/imports/synth_1/counter4bit.dcp for incremental synthesis
INFO: [Vivado 12-7989] Please ensure there are no constraint changes
Command: synth_design -top cpu_assembly -part xc7s100fgga676-2
Starting synth_design
Attempting to get a license for feature 'Synthesis' and/or device 'xc7s100'
INFO: [Common 17-349] Got license for feature 'Synthesis' and/or device 'xc7s100'
INFO: [Designutils 20-5440] No compile time benefit to using incremental synthesis; A full resynthesis will be run
INFO: [Designutils 20-4379] Flow is switching to default flow due to incremental criteria not met. If you would like to alter this behaviour and have the flow terminate instead, please set the following parameter config_implementation {autoIncr.Synth.RejectBehavior Terminate}
INFO: [Synth 8-7079] Multithreading enabled for synth_design using a maximum of 2 processes.
INFO: [Synth 8-7078] Launching helper process for spawning children vivado processes
INFO: [Synth 8-7075] Helper process launched with PID 15548
---------------------------------------------------------------------------------
Starting Synthesize : Time (s): cpu = 00:00:04 ; elapsed = 00:00:08 . Memory (MB): peak = 924.426 ; gain = 439.609
---------------------------------------------------------------------------------
WARNING: [Synth 8-11145] root scope declaration is not allowed in Verilog 95/2K mode [C:/Users/alx30/Documents/CPUProject/CPUProject/CPUProject.srcs/sources_1/new/commands.vh:4]
WARNING: [Synth 8-11145] root scope declaration is not allowed in Verilog 95/2K mode [C:/Users/alx30/Documents/CPUProject/CPUProject/CPUProject.srcs/sources_1/new/commands.vh:5]
WARNING: [Synth 8-11145] root scope declaration is not allowed in Verilog 95/2K mode [C:/Users/alx30/Documents/CPUProject/CPUProject/CPUProject.srcs/sources_1/new/commands.vh:6]
WARNING: [Synth 8-11145] root scope declaration is not allowed in Verilog 95/2K mode [C:/Users/alx30/Documents/CPUProject/CPUProject/CPUProject.srcs/sources_1/new/commands.vh:7]
WARNING: [Synth 8-11145] root scope declaration is not allowed in Verilog 95/2K mode [C:/Users/alx30/Documents/CPUProject/CPUProject/CPUProject.srcs/sources_1/new/commands.vh:8]
WARNING: [Synth 8-11145] root scope declaration is not allowed in Verilog 95/2K mode [C:/Users/alx30/Documents/CPUProject/CPUProject/CPUProject.srcs/sources_1/new/commands.vh:9]
WARNING: [Synth 8-11145] root scope declaration is not allowed in Verilog 95/2K mode [C:/Users/alx30/Documents/CPUProject/CPUProject/CPUProject.srcs/sources_1/new/commands.vh:10]
WARNING: [Synth 8-11145] root scope declaration is not allowed in Verilog 95/2K mode [C:/Users/alx30/Documents/CPUProject/CPUProject/CPUProject.srcs/sources_1/new/commands.vh:11]
WARNING: [Synth 8-11145] root scope declaration is not allowed in Verilog 95/2K mode [C:/Users/alx30/Documents/CPUProject/CPUProject/CPUProject.srcs/sources_1/new/commands.vh:13]
WARNING: [Synth 8-11145] root scope declaration is not allowed in Verilog 95/2K mode [C:/Users/alx30/Documents/CPUProject/CPUProject/CPUProject.srcs/sources_1/new/commands.vh:14]
WARNING: [Synth 8-11145] root scope declaration is not allowed in Verilog 95/2K mode [C:/Users/alx30/Documents/CPUProject/CPUProject/CPUProject.srcs/sources_1/new/instr_types.vh:4]
WARNING: [Synth 8-11145] root scope declaration is not allowed in Verilog 95/2K mode [C:/Users/alx30/Documents/CPUProject/CPUProject/CPUProject.srcs/sources_1/new/instr_types.vh:5]
WARNING: [Synth 8-11145] root scope declaration is not allowed in Verilog 95/2K mode [C:/Users/alx30/Documents/CPUProject/CPUProject/CPUProject.srcs/sources_1/new/instr_types.vh:6]
WARNING: [Synth 8-11145] root scope declaration is not allowed in Verilog 95/2K mode [C:/Users/alx30/Documents/CPUProject/CPUProject/CPUProject.srcs/sources_1/new/instr_types.vh:7]
INFO: [Synth 8-11241] undeclared symbol 'decode', assumed default net type 'wire' [C:/Users/alx30/Documents/CPUProject/CPUProject/CPUProject.srcs/sources_1/new/cpu_assembly.v:48]
INFO: [Synth 8-11241] undeclared symbol 'read_data', assumed default net type 'wire' [C:/Users/alx30/Documents/CPUProject/CPUProject/CPUProject.srcs/sources_1/new/cpu_assembly.v:54]
INFO: [Synth 8-11241] undeclared symbol 'ALUResult', assumed default net type 'wire' [C:/Users/alx30/Documents/CPUProject/CPUProject/CPUProject.srcs/sources_1/new/cpu_assembly.v:54]
INFO: [Synth 8-6157] synthesizing module 'cpu_assembly' [C:/Users/alx30/Documents/CPUProject/CPUProject/CPUProject.srcs/sources_1/new/cpu_assembly.v:3]
INFO: [Synth 8-6157] synthesizing module 'control' [C:/Users/alx30/Documents/CPUProject/CPUProject/CPUProject.srcs/sources_1/new/control.v:4]
INFO: [Synth 8-155] case statement is not full and has no default [C:/Users/alx30/Documents/CPUProject/CPUProject/CPUProject.srcs/sources_1/new/control.v:18]
INFO: [Synth 8-6155] done synthesizing module 'control' (0#1) [C:/Users/alx30/Documents/CPUProject/CPUProject/CPUProject.srcs/sources_1/new/control.v:4]
WARNING: [Synth 8-689] width (4) of port connection 'ALUOp' does not match port width (2) of module 'control' [C:/Users/alx30/Documents/CPUProject/CPUProject/CPUProject.srcs/sources_1/new/cpu_assembly.v:45]
INFO: [Synth 8-6157] synthesizing module 'data_mem' [C:/Users/alx30/Documents/CPUProject/CPUProject/CPUProject.srcs/sources_1/new/data_mem.v:3]
CRITICAL WARNING: [Synth 8-4445] could not open $readmem data file 'sim_1/new/data.txt'; please make sure the file is added to project and has read permission, ignoring [C:/Users/alx30/Documents/CPUProject/CPUProject/CPUProject.srcs/sources_1/new/data_mem.v:16]
INFO: [Synth 8-6155] done synthesizing module 'data_mem' (0#1) [C:/Users/alx30/Documents/CPUProject/CPUProject/CPUProject.srcs/sources_1/new/data_mem.v:3]
WARNING: [Synth 8-689] width (32) of port connection 'aluResult' does not match port width (7) of module 'data_mem' [C:/Users/alx30/Documents/CPUProject/CPUProject/CPUProject.srcs/sources_1/new/cpu_assembly.v:46]
INFO: [Synth 8-6157] synthesizing module 'instr_mem' [C:/Users/alx30/Documents/CPUProject/CPUProject/CPUProject.srcs/sources_1/new/instr_mem.v:5]
CRITICAL WARNING: [Synth 8-4445] could not open $readmem data file 'mc_code.txt'; please make sure the file is added to project and has read permission, ignoring [C:/Users/alx30/Documents/CPUProject/CPUProject/CPUProject.srcs/sources_1/new/instr_mem.v:16]
INFO: [Synth 8-6155] done synthesizing module 'instr_mem' (0#1) [C:/Users/alx30/Documents/CPUProject/CPUProject/CPUProject.srcs/sources_1/new/instr_mem.v:5]
WARNING: [Synth 8-689] width (32) of port connection 'read_addr' does not match port width (7) of module 'instr_mem' [C:/Users/alx30/Documents/CPUProject/CPUProject/CPUProject.srcs/sources_1/new/cpu_assembly.v:47]
INFO: [Synth 8-6157] synthesizing module 'ALU' [C:/Users/alx30/Documents/CPUProject/CPUProject/CPUProject.srcs/sources_1/new/ALU.v:4]
INFO: [Synth 8-6155] done synthesizing module 'ALU' (0#1) [C:/Users/alx30/Documents/CPUProject/CPUProject/CPUProject.srcs/sources_1/new/ALU.v:4]
INFO: [Synth 8-6157] synthesizing module 'registers' [C:/Users/alx30/Documents/CPUProject/CPUProject/CPUProject.srcs/sources_1/new/registers.v:3]
INFO: [Synth 8-6155] done synthesizing module 'registers' (0#1) [C:/Users/alx30/Documents/CPUProject/CPUProject/CPUProject.srcs/sources_1/new/registers.v:3]
INFO: [Synth 8-6157] synthesizing module 'pc_adder' [C:/Users/alx30/Documents/CPUProject/CPUProject/CPUProject.srcs/sources_1/new/pc_adder.v:3]
INFO: [Synth 8-6155] done synthesizing module 'pc_adder' (0#1) [C:/Users/alx30/Documents/CPUProject/CPUProject/CPUProject.srcs/sources_1/new/pc_adder.v:3]
INFO: [Synth 8-6157] synthesizing module 'branch_adder' [C:/Users/alx30/Documents/CPUProject/CPUProject/CPUProject.srcs/sources_1/new/branch_adder.v:4]
INFO: [Synth 8-6155] done synthesizing module 'branch_adder' (0#1) [C:/Users/alx30/Documents/CPUProject/CPUProject/CPUProject.srcs/sources_1/new/branch_adder.v:4]
INFO: [Synth 8-6157] synthesizing module 'pc_mux' [C:/Users/alx30/Documents/CPUProject/CPUProject/CPUProject.srcs/sources_1/new/pc_mux.v:4]
INFO: [Synth 8-6155] done synthesizing module 'pc_mux' (0#1) [C:/Users/alx30/Documents/CPUProject/CPUProject/CPUProject.srcs/sources_1/new/pc_mux.v:4]
INFO: [Synth 8-6157] synthesizing module 'alu_input_mux' [C:/Users/alx30/Documents/CPUProject/CPUProject/CPUProject.srcs/sources_1/new/alu_mux.v:3]
INFO: [Synth 8-6155] done synthesizing module 'alu_input_mux' (0#1) [C:/Users/alx30/Documents/CPUProject/CPUProject/CPUProject.srcs/sources_1/new/alu_mux.v:3]
INFO: [Synth 8-6157] synthesizing module 'datawrite_mux' [C:/Users/alx30/Documents/CPUProject/CPUProject/CPUProject.srcs/sources_1/new/datawrite_mux.v:3]
INFO: [Synth 8-6155] done synthesizing module 'datawrite_mux' (0#1) [C:/Users/alx30/Documents/CPUProject/CPUProject/CPUProject.srcs/sources_1/new/datawrite_mux.v:3]
INFO: [Synth 8-6157] synthesizing module 'ALU_control' [C:/Users/alx30/Documents/CPUProject/CPUProject/CPUProject.srcs/sources_1/new/ALU_control.v:4]
INFO: [Synth 8-226] default block is never used [C:/Users/alx30/Documents/CPUProject/CPUProject/CPUProject.srcs/sources_1/new/ALU_control.v:23]
INFO: [Synth 8-155] case statement is not full and has no default [C:/Users/alx30/Documents/CPUProject/CPUProject/CPUProject.srcs/sources_1/new/ALU_control.v:13]
INFO: [Synth 8-6155] done synthesizing module 'ALU_control' (0#1) [C:/Users/alx30/Documents/CPUProject/CPUProject/CPUProject.srcs/sources_1/new/ALU_control.v:4]
WARNING: [Synth 8-689] width (4) of port connection 'ALUOp' does not match port width (2) of module 'ALU_control' [C:/Users/alx30/Documents/CPUProject/CPUProject/CPUProject.srcs/sources_1/new/cpu_assembly.v:55]
WARNING: [Synth 8-689] width (1) of port connection 'decode' does not match port width (4) of module 'ALU_control' [C:/Users/alx30/Documents/CPUProject/CPUProject/CPUProject.srcs/sources_1/new/cpu_assembly.v:55]
INFO: [Synth 8-6157] synthesizing module 'immgen' [C:/Users/alx30/Documents/CPUProject/CPUProject/CPUProject.srcs/sources_1/new/immgen.v:4]
INFO: [Synth 8-155] case statement is not full and has no default [C:/Users/alx30/Documents/CPUProject/CPUProject/CPUProject.srcs/sources_1/new/immgen.v:15]
INFO: [Synth 8-6155] done synthesizing module 'immgen' (0#1) [C:/Users/alx30/Documents/CPUProject/CPUProject/CPUProject.srcs/sources_1/new/immgen.v:4]
INFO: [Synth 8-6157] synthesizing module 'pc' [C:/Users/alx30/Documents/CPUProject/CPUProject/CPUProject.srcs/sources_1/new/pc.v:3]
INFO: [Synth 8-6155] done synthesizing module 'pc' (0#1) [C:/Users/alx30/Documents/CPUProject/CPUProject/CPUProject.srcs/sources_1/new/pc.v:3]
INFO: [Synth 8-6157] synthesizing module 'branch_taken' [C:/Users/alx30/Documents/CPUProject/CPUProject/CPUProject.srcs/sources_1/new/branch_taken.v:4]
INFO: [Synth 8-6155] done synthesizing module 'branch_taken' (0#1) [C:/Users/alx30/Documents/CPUProject/CPUProject/CPUProject.srcs/sources_1/new/branch_taken.v:4]
INFO: [Synth 8-6155] done synthesizing module 'cpu_assembly' (0#1) [C:/Users/alx30/Documents/CPUProject/CPUProject/CPUProject.srcs/sources_1/new/cpu_assembly.v:3]
WARNING: [Synth 8-4767] Trying to implement RAM ' ' in registers. Block RAM or DRAM implementation is not possible; see log for reasons.
	1: Unable to determine number of words or word size in RAM. 
	2: No valid read/write found for RAM. 
RAM dissolved into registers
WARNING: [Synth 8-3848] Net inst_mem in module/entity instr_mem does not have driver. [C:/Users/alx30/Documents/CPUProject/CPUProject/CPUProject.srcs/sources_1/new/instr_mem.v:14]
WARNING: [Synth 8-3848] Net inst_mem in module/entity instr_mem does not have driver. [C:/Users/alx30/Documents/CPUProject/CPUProject/CPUProject.srcs/sources_1/new/instr_mem.v:14]
WARNING: [Synth 8-3848] Net inst_mem in module/entity instr_mem does not have driver. [C:/Users/alx30/Documents/CPUProject/CPUProject/CPUProject.srcs/sources_1/new/instr_mem.v:14]
WARNING: [Synth 8-3848] Net inst_mem in module/entity instr_mem does not have driver. [C:/Users/alx30/Documents/CPUProject/CPUProject/CPUProject.srcs/sources_1/new/instr_mem.v:14]
WARNING: [Synth 8-3848] Net inst_mem in module/entity instr_mem does not have driver. [C:/Users/alx30/Documents/CPUProject/CPUProject/CPUProject.srcs/sources_1/new/instr_mem.v:14]
WARNING: [Synth 8-3848] Net inst_mem in module/entity instr_mem does not have driver. [C:/Users/alx30/Documents/CPUProject/CPUProject/CPUProject.srcs/sources_1/new/instr_mem.v:14]
WARNING: [Synth 8-3848] Net inst_mem in module/entity instr_mem does not have driver. [C:/Users/alx30/Documents/CPUProject/CPUProject/CPUProject.srcs/sources_1/new/instr_mem.v:14]
WARNING: [Synth 8-3848] Net inst_mem in module/entity instr_mem does not have driver. [C:/Users/alx30/Documents/CPUProject/CPUProject/CPUProject.srcs/sources_1/new/instr_mem.v:14]
WARNING: [Synth 8-3848] Net inst_mem in module/entity instr_mem does not have driver. [C:/Users/alx30/Documents/CPUProject/CPUProject/CPUProject.srcs/sources_1/new/instr_mem.v:14]
WARNING: [Synth 8-3848] Net inst_mem in module/entity instr_mem does not have driver. [C:/Users/alx30/Documents/CPUProject/CPUProject/CPUProject.srcs/sources_1/new/instr_mem.v:14]
WARNING: [Synth 8-3848] Net inst_mem in module/entity instr_mem does not have driver. [C:/Users/alx30/Documents/CPUProject/CPUProject/CPUProject.srcs/sources_1/new/instr_mem.v:14]
WARNING: [Synth 8-3848] Net inst_mem in module/entity instr_mem does not have driver. [C:/Users/alx30/Documents/CPUProject/CPUProject/CPUProject.srcs/sources_1/new/instr_mem.v:14]
WARNING: [Synth 8-3848] Net inst_mem in module/entity instr_mem does not have driver. [C:/Users/alx30/Documents/CPUProject/CPUProject/CPUProject.srcs/sources_1/new/instr_mem.v:14]
WARNING: [Synth 8-3848] Net inst_mem in module/entity instr_mem does not have driver. [C:/Users/alx30/Documents/CPUProject/CPUProject/CPUProject.srcs/sources_1/new/instr_mem.v:14]
WARNING: [Synth 8-3848] Net inst_mem in module/entity instr_mem does not have driver. [C:/Users/alx30/Documents/CPUProject/CPUProject/CPUProject.srcs/sources_1/new/instr_mem.v:14]
WARNING: [Synth 8-3848] Net inst_mem in module/entity instr_mem does not have driver. [C:/Users/alx30/Documents/CPUProject/CPUProject/CPUProject.srcs/sources_1/new/instr_mem.v:14]
WARNING: [Synth 8-3848] Net inst_mem in module/entity instr_mem does not have driver. [C:/Users/alx30/Documents/CPUProject/CPUProject/CPUProject.srcs/sources_1/new/instr_mem.v:14]
WARNING: [Synth 8-3848] Net inst_mem in module/entity instr_mem does not have driver. [C:/Users/alx30/Documents/CPUProject/CPUProject/CPUProject.srcs/sources_1/new/instr_mem.v:14]
WARNING: [Synth 8-3848] Net inst_mem in module/entity instr_mem does not have driver. [C:/Users/alx30/Documents/CPUProject/CPUProject/CPUProject.srcs/sources_1/new/instr_mem.v:14]
WARNING: [Synth 8-3848] Net inst_mem in module/entity instr_mem does not have driver. [C:/Users/alx30/Documents/CPUProject/CPUProject/CPUProject.srcs/sources_1/new/instr_mem.v:14]
WARNING: [Synth 8-3848] Net inst_mem in module/entity instr_mem does not have driver. [C:/Users/alx30/Documents/CPUProject/CPUProject/CPUProject.srcs/sources_1/new/instr_mem.v:14]
WARNING: [Synth 8-3848] Net inst_mem in module/entity instr_mem does not have driver. [C:/Users/alx30/Documents/CPUProject/CPUProject/CPUProject.srcs/sources_1/new/instr_mem.v:14]
WARNING: [Synth 8-3848] Net inst_mem in module/entity instr_mem does not have driver. [C:/Users/alx30/Documents/CPUProject/CPUProject/CPUProject.srcs/sources_1/new/instr_mem.v:14]
WARNING: [Synth 8-3848] Net inst_mem in module/entity instr_mem does not have driver. [C:/Users/alx30/Documents/CPUProject/CPUProject/CPUProject.srcs/sources_1/new/instr_mem.v:14]
WARNING: [Synth 8-3848] Net inst_mem in module/entity instr_mem does not have driver. [C:/Users/alx30/Documents/CPUProject/CPUProject/CPUProject.srcs/sources_1/new/instr_mem.v:14]
WARNING: [Synth 8-3848] Net inst_mem in module/entity instr_mem does not have driver. [C:/Users/alx30/Documents/CPUProject/CPUProject/CPUProject.srcs/sources_1/new/instr_mem.v:14]
WARNING: [Synth 8-3848] Net inst_mem in module/entity instr_mem does not have driver. [C:/Users/alx30/Documents/CPUProject/CPUProject/CPUProject.srcs/sources_1/new/instr_mem.v:14]
WARNING: [Synth 8-3848] Net inst_mem in module/entity instr_mem does not have driver. [C:/Users/alx30/Documents/CPUProject/CPUProject/CPUProject.srcs/sources_1/new/instr_mem.v:14]
WARNING: [Synth 8-3848] Net inst_mem in module/entity instr_mem does not have driver. [C:/Users/alx30/Documents/CPUProject/CPUProject/CPUProject.srcs/sources_1/new/instr_mem.v:14]
WARNING: [Synth 8-3848] Net inst_mem in module/entity instr_mem does not have driver. [C:/Users/alx30/Documents/CPUProject/CPUProject/CPUProject.srcs/sources_1/new/instr_mem.v:14]
WARNING: [Synth 8-3848] Net inst_mem in module/entity instr_mem does not have driver. [C:/Users/alx30/Documents/CPUProject/CPUProject/CPUProject.srcs/sources_1/new/instr_mem.v:14]
WARNING: [Synth 8-3848] Net inst_mem in module/entity instr_mem does not have driver. [C:/Users/alx30/Documents/CPUProject/CPUProject/CPUProject.srcs/sources_1/new/instr_mem.v:14]
WARNING: [Synth 8-3848] Net inst_mem in module/entity instr_mem does not have driver. [C:/Users/alx30/Documents/CPUProject/CPUProject/CPUProject.srcs/sources_1/new/instr_mem.v:14]
WARNING: [Synth 8-3848] Net inst_mem in module/entity instr_mem does not have driver. [C:/Users/alx30/Documents/CPUProject/CPUProject/CPUProject.srcs/sources_1/new/instr_mem.v:14]
WARNING: [Synth 8-3848] Net inst_mem in module/entity instr_mem does not have driver. [C:/Users/alx30/Documents/CPUProject/CPUProject/CPUProject.srcs/sources_1/new/instr_mem.v:14]
WARNING: [Synth 8-3848] Net inst_mem in module/entity instr_mem does not have driver. [C:/Users/alx30/Documents/CPUProject/CPUProject/CPUProject.srcs/sources_1/new/instr_mem.v:14]
WARNING: [Synth 8-3848] Net inst_mem in module/entity instr_mem does not have driver. [C:/Users/alx30/Documents/CPUProject/CPUProject/CPUProject.srcs/sources_1/new/instr_mem.v:14]
WARNING: [Synth 8-3848] Net inst_mem in module/entity instr_mem does not have driver. [C:/Users/alx30/Documents/CPUProject/CPUProject/CPUProject.srcs/sources_1/new/instr_mem.v:14]
WARNING: [Synth 8-3848] Net inst_mem in module/entity instr_mem does not have driver. [C:/Users/alx30/Documents/CPUProject/CPUProject/CPUProject.srcs/sources_1/new/instr_mem.v:14]
WARNING: [Synth 8-3848] Net inst_mem in module/entity instr_mem does not have driver. [C:/Users/alx30/Documents/CPUProject/CPUProject/CPUProject.srcs/sources_1/new/instr_mem.v:14]
WARNING: [Synth 8-3848] Net inst_mem in module/entity instr_mem does not have driver. [C:/Users/alx30/Documents/CPUProject/CPUProject/CPUProject.srcs/sources_1/new/instr_mem.v:14]
WARNING: [Synth 8-3848] Net inst_mem in module/entity instr_mem does not have driver. [C:/Users/alx30/Documents/CPUProject/CPUProject/CPUProject.srcs/sources_1/new/instr_mem.v:14]
WARNING: [Synth 8-3848] Net inst_mem in module/entity instr_mem does not have driver. [C:/Users/alx30/Documents/CPUProject/CPUProject/CPUProject.srcs/sources_1/new/instr_mem.v:14]
WARNING: [Synth 8-3848] Net inst_mem in module/entity instr_mem does not have driver. [C:/Users/alx30/Documents/CPUProject/CPUProject/CPUProject.srcs/sources_1/new/instr_mem.v:14]
WARNING: [Synth 8-3848] Net inst_mem in module/entity instr_mem does not have driver. [C:/Users/alx30/Documents/CPUProject/CPUProject/CPUProject.srcs/sources_1/new/instr_mem.v:14]
WARNING: [Synth 8-3848] Net inst_mem in module/entity instr_mem does not have driver. [C:/Users/alx30/Documents/CPUProject/CPUProject/CPUProject.srcs/sources_1/new/instr_mem.v:14]
WARNING: [Synth 8-3848] Net inst_mem in module/entity instr_mem does not have driver. [C:/Users/alx30/Documents/CPUProject/CPUProject/CPUProject.srcs/sources_1/new/instr_mem.v:14]
WARNING: [Synth 8-3848] Net inst_mem in module/entity instr_mem does not have driver. [C:/Users/alx30/Documents/CPUProject/CPUProject/CPUProject.srcs/sources_1/new/instr_mem.v:14]
WARNING: [Synth 8-3848] Net inst_mem in module/entity instr_mem does not have driver. [C:/Users/alx30/Documents/CPUProject/CPUProject/CPUProject.srcs/sources_1/new/instr_mem.v:14]
WARNING: [Synth 8-3848] Net inst_mem in module/entity instr_mem does not have driver. [C:/Users/alx30/Documents/CPUProject/CPUProject/CPUProject.srcs/sources_1/new/instr_mem.v:14]
WARNING: [Synth 8-3848] Net inst_mem in module/entity instr_mem does not have driver. [C:/Users/alx30/Documents/CPUProject/CPUProject/CPUProject.srcs/sources_1/new/instr_mem.v:14]
WARNING: [Synth 8-3848] Net inst_mem in module/entity instr_mem does not have driver. [C:/Users/alx30/Documents/CPUProject/CPUProject/CPUProject.srcs/sources_1/new/instr_mem.v:14]
WARNING: [Synth 8-3848] Net inst_mem in module/entity instr_mem does not have driver. [C:/Users/alx30/Documents/CPUProject/CPUProject/CPUProject.srcs/sources_1/new/instr_mem.v:14]
WARNING: [Synth 8-3848] Net inst_mem in module/entity instr_mem does not have driver. [C:/Users/alx30/Documents/CPUProject/CPUProject/CPUProject.srcs/sources_1/new/instr_mem.v:14]
WARNING: [Synth 8-3848] Net inst_mem in module/entity instr_mem does not have driver. [C:/Users/alx30/Documents/CPUProject/CPUProject/CPUProject.srcs/sources_1/new/instr_mem.v:14]
WARNING: [Synth 8-3848] Net inst_mem in module/entity instr_mem does not have driver. [C:/Users/alx30/Documents/CPUProject/CPUProject/CPUProject.srcs/sources_1/new/instr_mem.v:14]
WARNING: [Synth 8-3848] Net inst_mem in module/entity instr_mem does not have driver. [C:/Users/alx30/Documents/CPUProject/CPUProject/CPUProject.srcs/sources_1/new/instr_mem.v:14]
WARNING: [Synth 8-3848] Net inst_mem in module/entity instr_mem does not have driver. [C:/Users/alx30/Documents/CPUProject/CPUProject/CPUProject.srcs/sources_1/new/instr_mem.v:14]
WARNING: [Synth 8-3848] Net inst_mem in module/entity instr_mem does not have driver. [C:/Users/alx30/Documents/CPUProject/CPUProject/CPUProject.srcs/sources_1/new/instr_mem.v:14]
WARNING: [Synth 8-3848] Net inst_mem in module/entity instr_mem does not have driver. [C:/Users/alx30/Documents/CPUProject/CPUProject/CPUProject.srcs/sources_1/new/instr_mem.v:14]
WARNING: [Synth 8-3848] Net inst_mem in module/entity instr_mem does not have driver. [C:/Users/alx30/Documents/CPUProject/CPUProject/CPUProject.srcs/sources_1/new/instr_mem.v:14]
WARNING: [Synth 8-3848] Net inst_mem in module/entity instr_mem does not have driver. [C:/Users/alx30/Documents/CPUProject/CPUProject/CPUProject.srcs/sources_1/new/instr_mem.v:14]
WARNING: [Synth 8-3848] Net inst_mem in module/entity instr_mem does not have driver. [C:/Users/alx30/Documents/CPUProject/CPUProject/CPUProject.srcs/sources_1/new/instr_mem.v:14]
WARNING: [Synth 8-3848] Net inst_mem in module/entity instr_mem does not have driver. [C:/Users/alx30/Documents/CPUProject/CPUProject/CPUProject.srcs/sources_1/new/instr_mem.v:14]
WARNING: [Synth 8-3848] Net inst_mem in module/entity instr_mem does not have driver. [C:/Users/alx30/Documents/CPUProject/CPUProject/CPUProject.srcs/sources_1/new/instr_mem.v:14]
WARNING: [Synth 8-3848] Net inst_mem in module/entity instr_mem does not have driver. [C:/Users/alx30/Documents/CPUProject/CPUProject/CPUProject.srcs/sources_1/new/instr_mem.v:14]
WARNING: [Synth 8-3848] Net inst_mem in module/entity instr_mem does not have driver. [C:/Users/alx30/Documents/CPUProject/CPUProject/CPUProject.srcs/sources_1/new/instr_mem.v:14]
WARNING: [Synth 8-3848] Net inst_mem in module/entity instr_mem does not have driver. [C:/Users/alx30/Documents/CPUProject/CPUProject/CPUProject.srcs/sources_1/new/instr_mem.v:14]
WARNING: [Synth 8-3848] Net inst_mem in module/entity instr_mem does not have driver. [C:/Users/alx30/Documents/CPUProject/CPUProject/CPUProject.srcs/sources_1/new/instr_mem.v:14]
WARNING: [Synth 8-3848] Net inst_mem in module/entity instr_mem does not have driver. [C:/Users/alx30/Documents/CPUProject/CPUProject/CPUProject.srcs/sources_1/new/instr_mem.v:14]
WARNING: [Synth 8-3848] Net inst_mem in module/entity instr_mem does not have driver. [C:/Users/alx30/Documents/CPUProject/CPUProject/CPUProject.srcs/sources_1/new/instr_mem.v:14]
WARNING: [Synth 8-3848] Net inst_mem in module/entity instr_mem does not have driver. [C:/Users/alx30/Documents/CPUProject/CPUProject/CPUProject.srcs/sources_1/new/instr_mem.v:14]
WARNING: [Synth 8-3848] Net inst_mem in module/entity instr_mem does not have driver. [C:/Users/alx30/Documents/CPUProject/CPUProject/CPUProject.srcs/sources_1/new/instr_mem.v:14]
WARNING: [Synth 8-3848] Net inst_mem in module/entity instr_mem does not have driver. [C:/Users/alx30/Documents/CPUProject/CPUProject/CPUProject.srcs/sources_1/new/instr_mem.v:14]
WARNING: [Synth 8-3848] Net inst_mem in module/entity instr_mem does not have driver. [C:/Users/alx30/Documents/CPUProject/CPUProject/CPUProject.srcs/sources_1/new/instr_mem.v:14]
WARNING: [Synth 8-3848] Net inst_mem in module/entity instr_mem does not have driver. [C:/Users/alx30/Documents/CPUProject/CPUProject/CPUProject.srcs/sources_1/new/instr_mem.v:14]
WARNING: [Synth 8-3848] Net inst_mem in module/entity instr_mem does not have driver. [C:/Users/alx30/Documents/CPUProject/CPUProject/CPUProject.srcs/sources_1/new/instr_mem.v:14]
WARNING: [Synth 8-3848] Net inst_mem in module/entity instr_mem does not have driver. [C:/Users/alx30/Documents/CPUProject/CPUProject/CPUProject.srcs/sources_1/new/instr_mem.v:14]
WARNING: [Synth 8-3848] Net inst_mem in module/entity instr_mem does not have driver. [C:/Users/alx30/Documents/CPUProject/CPUProject/CPUProject.srcs/sources_1/new/instr_mem.v:14]
WARNING: [Synth 8-3848] Net inst_mem in module/entity instr_mem does not have driver. [C:/Users/alx30/Documents/CPUProject/CPUProject/CPUProject.srcs/sources_1/new/instr_mem.v:14]
WARNING: [Synth 8-3848] Net inst_mem in module/entity instr_mem does not have driver. [C:/Users/alx30/Documents/CPUProject/CPUProject/CPUProject.srcs/sources_1/new/instr_mem.v:14]
WARNING: [Synth 8-3848] Net inst_mem in module/entity instr_mem does not have driver. [C:/Users/alx30/Documents/CPUProject/CPUProject/CPUProject.srcs/sources_1/new/instr_mem.v:14]
WARNING: [Synth 8-3848] Net inst_mem in module/entity instr_mem does not have driver. [C:/Users/alx30/Documents/CPUProject/CPUProject/CPUProject.srcs/sources_1/new/instr_mem.v:14]
WARNING: [Synth 8-3848] Net inst_mem in module/entity instr_mem does not have driver. [C:/Users/alx30/Documents/CPUProject/CPUProject/CPUProject.srcs/sources_1/new/instr_mem.v:14]
WARNING: [Synth 8-3848] Net inst_mem in module/entity instr_mem does not have driver. [C:/Users/alx30/Documents/CPUProject/CPUProject/CPUProject.srcs/sources_1/new/instr_mem.v:14]
WARNING: [Synth 8-3848] Net inst_mem in module/entity instr_mem does not have driver. [C:/Users/alx30/Documents/CPUProject/CPUProject/CPUProject.srcs/sources_1/new/instr_mem.v:14]
WARNING: [Synth 8-3848] Net inst_mem in module/entity instr_mem does not have driver. [C:/Users/alx30/Documents/CPUProject/CPUProject/CPUProject.srcs/sources_1/new/instr_mem.v:14]
WARNING: [Synth 8-3848] Net inst_mem in module/entity instr_mem does not have driver. [C:/Users/alx30/Documents/CPUProject/CPUProject/CPUProject.srcs/sources_1/new/instr_mem.v:14]
WARNING: [Synth 8-3848] Net inst_mem in module/entity instr_mem does not have driver. [C:/Users/alx30/Documents/CPUProject/CPUProject/CPUProject.srcs/sources_1/new/instr_mem.v:14]
WARNING: [Synth 8-3848] Net inst_mem in module/entity instr_mem does not have driver. [C:/Users/alx30/Documents/CPUProject/CPUProject/CPUProject.srcs/sources_1/new/instr_mem.v:14]
WARNING: [Synth 8-3848] Net inst_mem in module/entity instr_mem does not have driver. [C:/Users/alx30/Documents/CPUProject/CPUProject/CPUProject.srcs/sources_1/new/instr_mem.v:14]
WARNING: [Synth 8-3848] Net inst_mem in module/entity instr_mem does not have driver. [C:/Users/alx30/Documents/CPUProject/CPUProject/CPUProject.srcs/sources_1/new/instr_mem.v:14]
WARNING: [Synth 8-3848] Net inst_mem in module/entity instr_mem does not have driver. [C:/Users/alx30/Documents/CPUProject/CPUProject/CPUProject.srcs/sources_1/new/instr_mem.v:14]
WARNING: [Synth 8-3848] Net inst_mem in module/entity instr_mem does not have driver. [C:/Users/alx30/Documents/CPUProject/CPUProject/CPUProject.srcs/sources_1/new/instr_mem.v:14]
WARNING: [Synth 8-3848] Net inst_mem in module/entity instr_mem does not have driver. [C:/Users/alx30/Documents/CPUProject/CPUProject/CPUProject.srcs/sources_1/new/instr_mem.v:14]
WARNING: [Synth 8-3848] Net inst_mem in module/entity instr_mem does not have driver. [C:/Users/alx30/Documents/CPUProject/CPUProject/CPUProject.srcs/sources_1/new/instr_mem.v:14]
WARNING: [Synth 8-3848] Net inst_mem in module/entity instr_mem does not have driver. [C:/Users/alx30/Documents/CPUProject/CPUProject/CPUProject.srcs/sources_1/new/instr_mem.v:14]
WARNING: [Synth 8-3848] Net inst_mem in module/entity instr_mem does not have driver. [C:/Users/alx30/Documents/CPUProject/CPUProject/CPUProject.srcs/sources_1/new/instr_mem.v:14]
WARNING: [Synth 8-3848] Net inst_mem in module/entity instr_mem does not have driver. [C:/Users/alx30/Documents/CPUProject/CPUProject/CPUProject.srcs/sources_1/new/instr_mem.v:14]
WARNING: [Synth 8-3848] Net inst_mem in module/entity instr_mem does not have driver. [C:/Users/alx30/Documents/CPUProject/CPUProject/CPUProject.srcs/sources_1/new/instr_mem.v:14]
INFO: [Common 17-14] Message 'Synth 8-3848' appears 100 times and further instances of the messages will be disabled. Use the Tcl command set_msg_config to change the current settings.
WARNING: [Synth 8-7129] Port instr[19] in module immgen is either unconnected or has no load
WARNING: [Synth 8-7129] Port instr[18] in module immgen is either unconnected or has no load
WARNING: [Synth 8-7129] Port instr[17] in module immgen is either unconnected or has no load
WARNING: [Synth 8-7129] Port instr[16] in module immgen is either unconnected or has no load
WARNING: [Synth 8-7129] Port instr[15] in module immgen is either unconnected or has no load
WARNING: [Synth 8-7129] Port instr[14] in module immgen is either unconnected or has no load
WARNING: [Synth 8-7129] Port instr[13] in module immgen is either unconnected or has no load
WARNING: [Synth 8-7129] Port instr[12] in module immgen is either unconnected or has no load
WARNING: [Synth 8-7129] Port instr[30] in module ALU_control is either unconnected or has no load
WARNING: [Synth 8-7129] Port instr[29] in module ALU_control is either unconnected or has no load
WARNING: [Synth 8-7129] Port instr[28] in module ALU_control is either unconnected or has no load
WARNING: [Synth 8-7129] Port instr[27] in module ALU_control is either unconnected or has no load
WARNING: [Synth 8-7129] Port instr[26] in module ALU_control is either unconnected or has no load
WARNING: [Synth 8-7129] Port instr[25] in module ALU_control is either unconnected or has no load
WARNING: [Synth 8-7129] Port instr[24] in module ALU_control is either unconnected or has no load
WARNING: [Synth 8-7129] Port instr[23] in module ALU_control is either unconnected or has no load
WARNING: [Synth 8-7129] Port instr[22] in module ALU_control is either unconnected or has no load
WARNING: [Synth 8-7129] Port instr[21] in module ALU_control is either unconnected or has no load
WARNING: [Synth 8-7129] Port instr[20] in module ALU_control is either unconnected or has no load
WARNING: [Synth 8-7129] Port instr[19] in module ALU_control is either unconnected or has no load
WARNING: [Synth 8-7129] Port instr[18] in module ALU_control is either unconnected or has no load
WARNING: [Synth 8-7129] Port instr[17] in module ALU_control is either unconnected or has no load
WARNING: [Synth 8-7129] Port instr[16] in module ALU_control is either unconnected or has no load
WARNING: [Synth 8-7129] Port instr[15] in module ALU_control is either unconnected or has no load
WARNING: [Synth 8-7129] Port instr[11] in module ALU_control is either unconnected or has no load
WARNING: [Synth 8-7129] Port instr[10] in module ALU_control is either unconnected or has no load
WARNING: [Synth 8-7129] Port instr[9] in module ALU_control is either unconnected or has no load
WARNING: [Synth 8-7129] Port instr[8] in module ALU_control is either unconnected or has no load
WARNING: [Synth 8-7129] Port instr[7] in module ALU_control is either unconnected or has no load
WARNING: [Synth 8-7129] Port instr[6] in module ALU_control is either unconnected or has no load
WARNING: [Synth 8-7129] Port instr[5] in module ALU_control is either unconnected or has no load
WARNING: [Synth 8-7129] Port instr[4] in module ALU_control is either unconnected or has no load
WARNING: [Synth 8-7129] Port instr[3] in module ALU_control is either unconnected or has no load
WARNING: [Synth 8-7129] Port instr[2] in module ALU_control is either unconnected or has no load
WARNING: [Synth 8-7129] Port instr[1] in module ALU_control is either unconnected or has no load
WARNING: [Synth 8-7129] Port instr[0] in module ALU_control is either unconnected or has no load
WARNING: [Synth 8-7129] Port clk in module data_mem is either unconnected or has no load
---------------------------------------------------------------------------------
Finished Synthesize : Time (s): cpu = 00:00:05 ; elapsed = 00:00:10 . Memory (MB): peak = 1047.180 ; gain = 562.363
---------------------------------------------------------------------------------
---------------------------------------------------------------------------------
Finished Constraint Validation : Time (s): cpu = 00:00:05 ; elapsed = 00:00:11 . Memory (MB): peak = 1047.180 ; gain = 562.363
---------------------------------------------------------------------------------
---------------------------------------------------------------------------------
Start Loading Part and Timing Information
---------------------------------------------------------------------------------
Loading part: xc7s100fgga676-2
---------------------------------------------------------------------------------
Finished Loading Part and Timing Information : Time (s): cpu = 00:00:05 ; elapsed = 00:00:11 . Memory (MB): peak = 1047.180 ; gain = 562.363
---------------------------------------------------------------------------------
INFO: [Device 21-403] Loading part xc7s100fgga676-2
WARNING: [Synth 8-327] inferring latch for variable 'Branch_reg' [C:/Users/alx30/Documents/CPUProject/CPUProject/CPUProject.srcs/sources_1/new/control.v:20]
WARNING: [Synth 8-327] inferring latch for variable 'MemRead_reg' [C:/Users/alx30/Documents/CPUProject/CPUProject/CPUProject.srcs/sources_1/new/control.v:21]
WARNING: [Synth 8-327] inferring latch for variable 'MemtoReg_reg' [C:/Users/alx30/Documents/CPUProject/CPUProject/CPUProject.srcs/sources_1/new/control.v:22]
WARNING: [Synth 8-327] inferring latch for variable 'ALUOp_reg' [C:/Users/alx30/Documents/CPUProject/CPUProject/CPUProject.srcs/sources_1/new/control.v:23]
WARNING: [Synth 8-327] inferring latch for variable 'MemWrite_reg' [C:/Users/alx30/Documents/CPUProject/CPUProject/CPUProject.srcs/sources_1/new/control.v:24]
WARNING: [Synth 8-327] inferring latch for variable 'ALUSrc_reg' [C:/Users/alx30/Documents/CPUProject/CPUProject/CPUProject.srcs/sources_1/new/control.v:25]
WARNING: [Synth 8-327] inferring latch for variable 'RegWrite_reg' [C:/Users/alx30/Documents/CPUProject/CPUProject/CPUProject.srcs/sources_1/new/control.v:26]
WARNING: [Synth 8-327] inferring latch for variable 'mem_read_data_reg' [C:/Users/alx30/Documents/CPUProject/CPUProject/CPUProject.srcs/sources_1/new/data_mem.v:25]
WARNING: [Synth 8-327] inferring latch for variable 'data_ram_reg[0]' [C:/Users/alx30/Documents/CPUProject/CPUProject/CPUProject.srcs/sources_1/new/data_mem.v:22]
WARNING: [Synth 8-327] inferring latch for variable 'data_ram_reg[1]' [C:/Users/alx30/Documents/CPUProject/CPUProject/CPUProject.srcs/sources_1/new/data_mem.v:22]
WARNING: [Synth 8-327] inferring latch for variable 'data_ram_reg[2]' [C:/Users/alx30/Documents/CPUProject/CPUProject/CPUProject.srcs/sources_1/new/data_mem.v:22]
WARNING: [Synth 8-327] inferring latch for variable 'data_ram_reg[3]' [C:/Users/alx30/Documents/CPUProject/CPUProject/CPUProject.srcs/sources_1/new/data_mem.v:22]
WARNING: [Synth 8-327] inferring latch for variable 'data_ram_reg[4]' [C:/Users/alx30/Documents/CPUProject/CPUProject/CPUProject.srcs/sources_1/new/data_mem.v:22]
WARNING: [Synth 8-327] inferring latch for variable 'data_ram_reg[5]' [C:/Users/alx30/Documents/CPUProject/CPUProject/CPUProject.srcs/sources_1/new/data_mem.v:22]
WARNING: [Synth 8-327] inferring latch for variable 'data_ram_reg[6]' [C:/Users/alx30/Documents/CPUProject/CPUProject/CPUProject.srcs/sources_1/new/data_mem.v:22]
WARNING: [Synth 8-327] inferring latch for variable 'data_ram_reg[7]' [C:/Users/alx30/Documents/CPUProject/CPUProject/CPUProject.srcs/sources_1/new/data_mem.v:22]
WARNING: [Synth 8-327] inferring latch for variable 'data_ram_reg[8]' [C:/Users/alx30/Documents/CPUProject/CPUProject/CPUProject.srcs/sources_1/new/data_mem.v:22]
WARNING: [Synth 8-327] inferring latch for variable 'data_ram_reg[9]' [C:/Users/alx30/Documents/CPUProject/CPUProject/CPUProject.srcs/sources_1/new/data_mem.v:22]
WARNING: [Synth 8-327] inferring latch for variable 'data_ram_reg[10]' [C:/Users/alx30/Documents/CPUProject/CPUProject/CPUProject.srcs/sources_1/new/data_mem.v:22]
WARNING: [Synth 8-327] inferring latch for variable 'data_ram_reg[11]' [C:/Users/alx30/Documents/CPUProject/CPUProject/CPUProject.srcs/sources_1/new/data_mem.v:22]
WARNING: [Synth 8-327] inferring latch for variable 'data_ram_reg[12]' [C:/Users/alx30/Documents/CPUProject/CPUProject/CPUProject.srcs/sources_1/new/data_mem.v:22]
WARNING: [Synth 8-327] inferring latch for variable 'data_ram_reg[13]' [C:/Users/alx30/Documents/CPUProject/CPUProject/CPUProject.srcs/sources_1/new/data_mem.v:22]
WARNING: [Synth 8-327] inferring latch for variable 'data_ram_reg[14]' [C:/Users/alx30/Documents/CPUProject/CPUProject/CPUProject.srcs/sources_1/new/data_mem.v:22]
WARNING: [Synth 8-327] inferring latch for variable 'data_ram_reg[15]' [C:/Users/alx30/Documents/CPUProject/CPUProject/CPUProject.srcs/sources_1/new/data_mem.v:22]
WARNING: [Synth 8-327] inferring latch for variable 'data_ram_reg[16]' [C:/Users/alx30/Documents/CPUProject/CPUProject/CPUProject.srcs/sources_1/new/data_mem.v:22]
WARNING: [Synth 8-327] inferring latch for variable 'data_ram_reg[17]' [C:/Users/alx30/Documents/CPUProject/CPUProject/CPUProject.srcs/sources_1/new/data_mem.v:22]
WARNING: [Synth 8-327] inferring latch for variable 'data_ram_reg[18]' [C:/Users/alx30/Documents/CPUProject/CPUProject/CPUProject.srcs/sources_1/new/data_mem.v:22]
WARNING: [Synth 8-327] inferring latch for variable 'data_ram_reg[19]' [C:/Users/alx30/Documents/CPUProject/CPUProject/CPUProject.srcs/sources_1/new/data_mem.v:22]
WARNING: [Synth 8-327] inferring latch for variable 'data_ram_reg[20]' [C:/Users/alx30/Documents/CPUProject/CPUProject/CPUProject.srcs/sources_1/new/data_mem.v:22]
WARNING: [Synth 8-327] inferring latch for variable 'data_ram_reg[21]' [C:/Users/alx30/Documents/CPUProject/CPUProject/CPUProject.srcs/sources_1/new/data_mem.v:22]
WARNING: [Synth 8-327] inferring latch for variable 'data_ram_reg[22]' [C:/Users/alx30/Documents/CPUProject/CPUProject/CPUProject.srcs/sources_1/new/data_mem.v:22]
WARNING: [Synth 8-327] inferring latch for variable 'data_ram_reg[23]' [C:/Users/alx30/Documents/CPUProject/CPUProject/CPUProject.srcs/sources_1/new/data_mem.v:22]
WARNING: [Synth 8-327] inferring latch for variable 'data_ram_reg[24]' [C:/Users/alx30/Documents/CPUProject/CPUProject/CPUProject.srcs/sources_1/new/data_mem.v:22]
WARNING: [Synth 8-327] inferring latch for variable 'data_ram_reg[25]' [C:/Users/alx30/Documents/CPUProject/CPUProject/CPUProject.srcs/sources_1/new/data_mem.v:22]
WARNING: [Synth 8-327] inferring latch for variable 'data_ram_reg[26]' [C:/Users/alx30/Documents/CPUProject/CPUProject/CPUProject.srcs/sources_1/new/data_mem.v:22]
WARNING: [Synth 8-327] inferring latch for variable 'data_ram_reg[27]' [C:/Users/alx30/Documents/CPUProject/CPUProject/CPUProject.srcs/sources_1/new/data_mem.v:22]
WARNING: [Synth 8-327] inferring latch for variable 'data_ram_reg[28]' [C:/Users/alx30/Documents/CPUProject/CPUProject/CPUProject.srcs/sources_1/new/data_mem.v:22]
WARNING: [Synth 8-327] inferring latch for variable 'data_ram_reg[29]' [C:/Users/alx30/Documents/CPUProject/CPUProject/CPUProject.srcs/sources_1/new/data_mem.v:22]
WARNING: [Synth 8-327] inferring latch for variable 'data_ram_reg[30]' [C:/Users/alx30/Documents/CPUProject/CPUProject/CPUProject.srcs/sources_1/new/data_mem.v:22]
WARNING: [Synth 8-327] inferring latch for variable 'data_ram_reg[31]' [C:/Users/alx30/Documents/CPUProject/CPUProject/CPUProject.srcs/sources_1/new/data_mem.v:22]
WARNING: [Synth 8-327] inferring latch for variable 'data_ram_reg[32]' [C:/Users/alx30/Documents/CPUProject/CPUProject/CPUProject.srcs/sources_1/new/data_mem.v:22]
WARNING: [Synth 8-327] inferring latch for variable 'data_ram_reg[33]' [C:/Users/alx30/Documents/CPUProject/CPUProject/CPUProject.srcs/sources_1/new/data_mem.v:22]
WARNING: [Synth 8-327] inferring latch for variable 'data_ram_reg[34]' [C:/Users/alx30/Documents/CPUProject/CPUProject/CPUProject.srcs/sources_1/new/data_mem.v:22]
WARNING: [Synth 8-327] inferring latch for variable 'data_ram_reg[35]' [C:/Users/alx30/Documents/CPUProject/CPUProject/CPUProject.srcs/sources_1/new/data_mem.v:22]
WARNING: [Synth 8-327] inferring latch for variable 'data_ram_reg[36]' [C:/Users/alx30/Documents/CPUProject/CPUProject/CPUProject.srcs/sources_1/new/data_mem.v:22]
WARNING: [Synth 8-327] inferring latch for variable 'data_ram_reg[37]' [C:/Users/alx30/Documents/CPUProject/CPUProject/CPUProject.srcs/sources_1/new/data_mem.v:22]
WARNING: [Synth 8-327] inferring latch for variable 'data_ram_reg[38]' [C:/Users/alx30/Documents/CPUProject/CPUProject/CPUProject.srcs/sources_1/new/data_mem.v:22]
WARNING: [Synth 8-327] inferring latch for variable 'data_ram_reg[39]' [C:/Users/alx30/Documents/CPUProject/CPUProject/CPUProject.srcs/sources_1/new/data_mem.v:22]
WARNING: [Synth 8-327] inferring latch for variable 'data_ram_reg[40]' [C:/Users/alx30/Documents/CPUProject/CPUProject/CPUProject.srcs/sources_1/new/data_mem.v:22]
WARNING: [Synth 8-327] inferring latch for variable 'data_ram_reg[41]' [C:/Users/alx30/Documents/CPUProject/CPUProject/CPUProject.srcs/sources_1/new/data_mem.v:22]
WARNING: [Synth 8-327] inferring latch for variable 'data_ram_reg[42]' [C:/Users/alx30/Documents/CPUProject/CPUProject/CPUProject.srcs/sources_1/new/data_mem.v:22]
WARNING: [Synth 8-327] inferring latch for variable 'data_ram_reg[43]' [C:/Users/alx30/Documents/CPUProject/CPUProject/CPUProject.srcs/sources_1/new/data_mem.v:22]
WARNING: [Synth 8-327] inferring latch for variable 'data_ram_reg[44]' [C:/Users/alx30/Documents/CPUProject/CPUProject/CPUProject.srcs/sources_1/new/data_mem.v:22]
WARNING: [Synth 8-327] inferring latch for variable 'data_ram_reg[45]' [C:/Users/alx30/Documents/CPUProject/CPUProject/CPUProject.srcs/sources_1/new/data_mem.v:22]
WARNING: [Synth 8-327] inferring latch for variable 'data_ram_reg[46]' [C:/Users/alx30/Documents/CPUProject/CPUProject/CPUProject.srcs/sources_1/new/data_mem.v:22]
WARNING: [Synth 8-327] inferring latch for variable 'data_ram_reg[47]' [C:/Users/alx30/Documents/CPUProject/CPUProject/CPUProject.srcs/sources_1/new/data_mem.v:22]
WARNING: [Synth 8-327] inferring latch for variable 'data_ram_reg[48]' [C:/Users/alx30/Documents/CPUProject/CPUProject/CPUProject.srcs/sources_1/new/data_mem.v:22]
WARNING: [Synth 8-327] inferring latch for variable 'data_ram_reg[49]' [C:/Users/alx30/Documents/CPUProject/CPUProject/CPUProject.srcs/sources_1/new/data_mem.v:22]
WARNING: [Synth 8-327] inferring latch for variable 'data_ram_reg[50]' [C:/Users/alx30/Documents/CPUProject/CPUProject/CPUProject.srcs/sources_1/new/data_mem.v:22]
WARNING: [Synth 8-327] inferring latch for variable 'data_ram_reg[51]' [C:/Users/alx30/Documents/CPUProject/CPUProject/CPUProject.srcs/sources_1/new/data_mem.v:22]
WARNING: [Synth 8-327] inferring latch for variable 'data_ram_reg[52]' [C:/Users/alx30/Documents/CPUProject/CPUProject/CPUProject.srcs/sources_1/new/data_mem.v:22]
WARNING: [Synth 8-327] inferring latch for variable 'data_ram_reg[53]' [C:/Users/alx30/Documents/CPUProject/CPUProject/CPUProject.srcs/sources_1/new/data_mem.v:22]
WARNING: [Synth 8-327] inferring latch for variable 'data_ram_reg[54]' [C:/Users/alx30/Documents/CPUProject/CPUProject/CPUProject.srcs/sources_1/new/data_mem.v:22]
WARNING: [Synth 8-327] inferring latch for variable 'data_ram_reg[55]' [C:/Users/alx30/Documents/CPUProject/CPUProject/CPUProject.srcs/sources_1/new/data_mem.v:22]
WARNING: [Synth 8-327] inferring latch for variable 'data_ram_reg[56]' [C:/Users/alx30/Documents/CPUProject/CPUProject/CPUProject.srcs/sources_1/new/data_mem.v:22]
WARNING: [Synth 8-327] inferring latch for variable 'data_ram_reg[57]' [C:/Users/alx30/Documents/CPUProject/CPUProject/CPUProject.srcs/sources_1/new/data_mem.v:22]
WARNING: [Synth 8-327] inferring latch for variable 'data_ram_reg[58]' [C:/Users/alx30/Documents/CPUProject/CPUProject/CPUProject.srcs/sources_1/new/data_mem.v:22]
WARNING: [Synth 8-327] inferring latch for variable 'data_ram_reg[59]' [C:/Users/alx30/Documents/CPUProject/CPUProject/CPUProject.srcs/sources_1/new/data_mem.v:22]
WARNING: [Synth 8-327] inferring latch for variable 'data_ram_reg[60]' [C:/Users/alx30/Documents/CPUProject/CPUProject/CPUProject.srcs/sources_1/new/data_mem.v:22]
WARNING: [Synth 8-327] inferring latch for variable 'data_ram_reg[61]' [C:/Users/alx30/Documents/CPUProject/CPUProject/CPUProject.srcs/sources_1/new/data_mem.v:22]
WARNING: [Synth 8-327] inferring latch for variable 'data_ram_reg[62]' [C:/Users/alx30/Documents/CPUProject/CPUProject/CPUProject.srcs/sources_1/new/data_mem.v:22]
WARNING: [Synth 8-327] inferring latch for variable 'data_ram_reg[63]' [C:/Users/alx30/Documents/CPUProject/CPUProject/CPUProject.srcs/sources_1/new/data_mem.v:22]
WARNING: [Synth 8-327] inferring latch for variable 'data_ram_reg[64]' [C:/Users/alx30/Documents/CPUProject/CPUProject/CPUProject.srcs/sources_1/new/data_mem.v:22]
WARNING: [Synth 8-327] inferring latch for variable 'data_ram_reg[65]' [C:/Users/alx30/Documents/CPUProject/CPUProject/CPUProject.srcs/sources_1/new/data_mem.v:22]
WARNING: [Synth 8-327] inferring latch for variable 'data_ram_reg[66]' [C:/Users/alx30/Documents/CPUProject/CPUProject/CPUProject.srcs/sources_1/new/data_mem.v:22]
WARNING: [Synth 8-327] inferring latch for variable 'data_ram_reg[67]' [C:/Users/alx30/Documents/CPUProject/CPUProject/CPUProject.srcs/sources_1/new/data_mem.v:22]
WARNING: [Synth 8-327] inferring latch for variable 'data_ram_reg[68]' [C:/Users/alx30/Documents/CPUProject/CPUProject/CPUProject.srcs/sources_1/new/data_mem.v:22]
WARNING: [Synth 8-327] inferring latch for variable 'data_ram_reg[69]' [C:/Users/alx30/Documents/CPUProject/CPUProject/CPUProject.srcs/sources_1/new/data_mem.v:22]
WARNING: [Synth 8-327] inferring latch for variable 'data_ram_reg[70]' [C:/Users/alx30/Documents/CPUProject/CPUProject/CPUProject.srcs/sources_1/new/data_mem.v:22]
WARNING: [Synth 8-327] inferring latch for variable 'data_ram_reg[71]' [C:/Users/alx30/Documents/CPUProject/CPUProject/CPUProject.srcs/sources_1/new/data_mem.v:22]
WARNING: [Synth 8-327] inferring latch for variable 'data_ram_reg[72]' [C:/Users/alx30/Documents/CPUProject/CPUProject/CPUProject.srcs/sources_1/new/data_mem.v:22]
WARNING: [Synth 8-327] inferring latch for variable 'data_ram_reg[73]' [C:/Users/alx30/Documents/CPUProject/CPUProject/CPUProject.srcs/sources_1/new/data_mem.v:22]
WARNING: [Synth 8-327] inferring latch for variable 'data_ram_reg[74]' [C:/Users/alx30/Documents/CPUProject/CPUProject/CPUProject.srcs/sources_1/new/data_mem.v:22]
WARNING: [Synth 8-327] inferring latch for variable 'data_ram_reg[75]' [C:/Users/alx30/Documents/CPUProject/CPUProject/CPUProject.srcs/sources_1/new/data_mem.v:22]
WARNING: [Synth 8-327] inferring latch for variable 'data_ram_reg[76]' [C:/Users/alx30/Documents/CPUProject/CPUProject/CPUProject.srcs/sources_1/new/data_mem.v:22]
WARNING: [Synth 8-327] inferring latch for variable 'data_ram_reg[77]' [C:/Users/alx30/Documents/CPUProject/CPUProject/CPUProject.srcs/sources_1/new/data_mem.v:22]
WARNING: [Synth 8-327] inferring latch for variable 'data_ram_reg[78]' [C:/Users/alx30/Documents/CPUProject/CPUProject/CPUProject.srcs/sources_1/new/data_mem.v:22]
WARNING: [Synth 8-327] inferring latch for variable 'data_ram_reg[79]' [C:/Users/alx30/Documents/CPUProject/CPUProject/CPUProject.srcs/sources_1/new/data_mem.v:22]
WARNING: [Synth 8-327] inferring latch for variable 'data_ram_reg[80]' [C:/Users/alx30/Documents/CPUProject/CPUProject/CPUProject.srcs/sources_1/new/data_mem.v:22]
WARNING: [Synth 8-327] inferring latch for variable 'data_ram_reg[81]' [C:/Users/alx30/Documents/CPUProject/CPUProject/CPUProject.srcs/sources_1/new/data_mem.v:22]
WARNING: [Synth 8-327] inferring latch for variable 'data_ram_reg[82]' [C:/Users/alx30/Documents/CPUProject/CPUProject/CPUProject.srcs/sources_1/new/data_mem.v:22]
WARNING: [Synth 8-327] inferring latch for variable 'data_ram_reg[83]' [C:/Users/alx30/Documents/CPUProject/CPUProject/CPUProject.srcs/sources_1/new/data_mem.v:22]
WARNING: [Synth 8-327] inferring latch for variable 'data_ram_reg[84]' [C:/Users/alx30/Documents/CPUProject/CPUProject/CPUProject.srcs/sources_1/new/data_mem.v:22]
WARNING: [Synth 8-327] inferring latch for variable 'data_ram_reg[85]' [C:/Users/alx30/Documents/CPUProject/CPUProject/CPUProject.srcs/sources_1/new/data_mem.v:22]
WARNING: [Synth 8-327] inferring latch for variable 'data_ram_reg[86]' [C:/Users/alx30/Documents/CPUProject/CPUProject/CPUProject.srcs/sources_1/new/data_mem.v:22]
WARNING: [Synth 8-327] inferring latch for variable 'data_ram_reg[87]' [C:/Users/alx30/Documents/CPUProject/CPUProject/CPUProject.srcs/sources_1/new/data_mem.v:22]
WARNING: [Synth 8-327] inferring latch for variable 'data_ram_reg[88]' [C:/Users/alx30/Documents/CPUProject/CPUProject/CPUProject.srcs/sources_1/new/data_mem.v:22]
WARNING: [Synth 8-327] inferring latch for variable 'data_ram_reg[89]' [C:/Users/alx30/Documents/CPUProject/CPUProject/CPUProject.srcs/sources_1/new/data_mem.v:22]
WARNING: [Synth 8-327] inferring latch for variable 'data_ram_reg[90]' [C:/Users/alx30/Documents/CPUProject/CPUProject/CPUProject.srcs/sources_1/new/data_mem.v:22]
WARNING: [Synth 8-327] inferring latch for variable 'data_ram_reg[91]' [C:/Users/alx30/Documents/CPUProject/CPUProject/CPUProject.srcs/sources_1/new/data_mem.v:22]
INFO: [Common 17-14] Message 'Synth 8-327' appears 100 times and further instances of the messages will be disabled. Use the Tcl command set_msg_config to change the current settings.
---------------------------------------------------------------------------------
Finished RTL Optimization Phase 2 : Time (s): cpu = 00:00:06 ; elapsed = 00:00:13 . Memory (MB): peak = 1047.180 ; gain = 562.363
---------------------------------------------------------------------------------
No constraint files found.
---------------------------------------------------------------------------------
Start RTL Component Statistics 
---------------------------------------------------------------------------------
Detailed RTL Component Info : 
+---Adders : 
	   2 Input   32 Bit       Adders := 3     
	   3 Input   32 Bit       Adders := 1     
+---XORs : 
	   2 Input     32 Bit         XORs := 1     
+---Registers : 
	               32 Bit    Registers := 1     
	                1 Bit    Registers := 1     
+---RAMs : 
	             1024 Bit	(32 X 32 bit)          RAMs := 1     
+---Muxes : 
	   2 Input   32 Bit        Muxes := 7     
	   4 Input   32 Bit        Muxes := 2     
	   5 Input    7 Bit        Muxes := 1     
	   2 Input    7 Bit        Muxes := 2     
	   5 Input    5 Bit        Muxes := 3     
	   2 Input    5 Bit        Muxes := 4     
	   4 Input    4 Bit        Muxes := 2     
	   4 Input    2 Bit        Muxes := 2     
	   5 Input    2 Bit        Muxes := 1     
	   5 Input    1 Bit        Muxes := 8     
	   2 Input    1 Bit        Muxes := 134   
---------------------------------------------------------------------------------
Finished RTL Component Statistics 
---------------------------------------------------------------------------------
---------------------------------------------------------------------------------
Start Part Resource Summary
---------------------------------------------------------------------------------
Part Resources:
DSPs: 160 (col length:80)
BRAMs: 240 (col length: RAMB18 80 RAMB36 40)
---------------------------------------------------------------------------------
Finished Part Resource Summary
---------------------------------------------------------------------------------
No constraint files found.
---------------------------------------------------------------------------------
Start Cross Boundary and Area Optimization
---------------------------------------------------------------------------------
WARNING: [Synth 8-7080] Parallel synthesis criteria is not met
WARNING: [Synth 8-7129] Port clk in module data_mem is either unconnected or has no load
WARNING: [Synth 8-3332] Sequential element (cont/Branch_reg) is unused and will be removed from module cpu_assembly.
WARNING: [Synth 8-3332] Sequential element (cont/MemRead_reg) is unused and will be removed from module cpu_assembly.
WARNING: [Synth 8-3332] Sequential element (cont/MemtoReg_reg) is unused and will be removed from module cpu_assembly.
WARNING: [Synth 8-3332] Sequential element (cont/ALUOp_reg[1]) is unused and will be removed from module cpu_assembly.
WARNING: [Synth 8-3332] Sequential element (cont/ALUOp_reg[0]) is unused and will be removed from module cpu_assembly.
WARNING: [Synth 8-3332] Sequential element (cont/MemWrite_reg) is unused and will be removed from module cpu_assembly.
WARNING: [Synth 8-3332] Sequential element (cont/ALUSrc_reg) is unused and will be removed from module cpu_assembly.
WARNING: [Synth 8-3332] Sequential element (cont/RegWrite_reg) is unused and will be removed from module cpu_assembly.
WARNING: [Synth 8-3332] Sequential element (mem_read_data_reg[31]) is unused and will be removed from module data_mem.
WARNING: [Synth 8-3332] Sequential element (mem_read_data_reg[30]) is unused and will be removed from module data_mem.
WARNING: [Synth 8-3332] Sequential element (mem_read_data_reg[29]) is unused and will be removed from module data_mem.
WARNING: [Synth 8-3332] Sequential element (mem_read_data_reg[28]) is unused and will be removed from module data_mem.
WARNING: [Synth 8-3332] Sequential element (mem_read_data_reg[27]) is unused and will be removed from module data_mem.
WARNING: [Synth 8-3332] Sequential element (mem_read_data_reg[26]) is unused and will be removed from module data_mem.
WARNING: [Synth 8-3332] Sequential element (mem_read_data_reg[25]) is unused and will be removed from module data_mem.
WARNING: [Synth 8-3332] Sequential element (mem_read_data_reg[24]) is unused and will be removed from module data_mem.
WARNING: [Synth 8-3332] Sequential element (mem_read_data_reg[23]) is unused and will be removed from module data_mem.
WARNING: [Synth 8-3332] Sequential element (mem_read_data_reg[22]) is unused and will be removed from module data_mem.
WARNING: [Synth 8-3332] Sequential element (mem_read_data_reg[21]) is unused and will be removed from module data_mem.
WARNING: [Synth 8-3332] Sequential element (mem_read_data_reg[20]) is unused and will be removed from module data_mem.
WARNING: [Synth 8-3332] Sequential element (mem_read_data_reg[19]) is unused and will be removed from module data_mem.
WARNING: [Synth 8-3332] Sequential element (mem_read_data_reg[18]) is unused and will be removed from module data_mem.
WARNING: [Synth 8-3332] Sequential element (mem_read_data_reg[17]) is unused and will be removed from module data_mem.
WARNING: [Synth 8-3332] Sequential element (mem_read_data_reg[16]) is unused and will be removed from module data_mem.
WARNING: [Synth 8-3332] Sequential element (mem_read_data_reg[15]) is unused and will be removed from module data_mem.
WARNING: [Synth 8-3332] Sequential element (mem_read_data_reg[14]) is unused and will be removed from module data_mem.
WARNING: [Synth 8-3332] Sequential element (mem_read_data_reg[13]) is unused and will be removed from module data_mem.
WARNING: [Synth 8-3332] Sequential element (mem_read_data_reg[12]) is unused and will be removed from module data_mem.
WARNING: [Synth 8-3332] Sequential element (mem_read_data_reg[11]) is unused and will be removed from module data_mem.
WARNING: [Synth 8-3332] Sequential element (mem_read_data_reg[10]) is unused and will be removed from module data_mem.
WARNING: [Synth 8-3332] Sequential element (mem_read_data_reg[9]) is unused and will be removed from module data_mem.
WARNING: [Synth 8-3332] Sequential element (mem_read_data_reg[8]) is unused and will be removed from module data_mem.
WARNING: [Synth 8-3332] Sequential element (mem_read_data_reg[7]) is unused and will be removed from module data_mem.
WARNING: [Synth 8-3332] Sequential element (mem_read_data_reg[6]) is unused and will be removed from module data_mem.
WARNING: [Synth 8-3332] Sequential element (mem_read_data_reg[5]) is unused and will be removed from module data_mem.
WARNING: [Synth 8-3332] Sequential element (mem_read_data_reg[4]) is unused and will be removed from module data_mem.
WARNING: [Synth 8-3332] Sequential element (mem_read_data_reg[3]) is unused and will be removed from module data_mem.
WARNING: [Synth 8-3332] Sequential element (mem_read_data_reg[2]) is unused and will be removed from module data_mem.
WARNING: [Synth 8-3332] Sequential element (mem_read_data_reg[1]) is unused and will be removed from module data_mem.
WARNING: [Synth 8-3332] Sequential element (mem_read_data_reg[0]) is unused and will be removed from module data_mem.
WARNING: [Synth 8-3332] Sequential element (data_ram_reg[0][31]) is unused and will be removed from module data_mem.
WARNING: [Synth 8-3332] Sequential element (data_ram_reg[0][30]) is unused and will be removed from module data_mem.
WARNING: [Synth 8-3332] Sequential element (data_ram_reg[0][29]) is unused and will be removed from module data_mem.
WARNING: [Synth 8-3332] Sequential element (data_ram_reg[0][28]) is unused and will be removed from module data_mem.
WARNING: [Synth 8-3332] Sequential element (data_ram_reg[0][27]) is unused and will be removed from module data_mem.
WARNING: [Synth 8-3332] Sequential element (data_ram_reg[0][26]) is unused and will be removed from module data_mem.
WARNING: [Synth 8-3332] Sequential element (data_ram_reg[0][25]) is unused and will be removed from module data_mem.
WARNING: [Synth 8-3332] Sequential element (data_ram_reg[0][24]) is unused and will be removed from module data_mem.
WARNING: [Synth 8-3332] Sequential element (data_ram_reg[0][23]) is unused and will be removed from module data_mem.
WARNING: [Synth 8-3332] Sequential element (data_ram_reg[0][22]) is unused and will be removed from module data_mem.
WARNING: [Synth 8-3332] Sequential element (data_ram_reg[0][21]) is unused and will be removed from module data_mem.
WARNING: [Synth 8-3332] Sequential element (data_ram_reg[0][20]) is unused and will be removed from module data_mem.
WARNING: [Synth 8-3332] Sequential element (data_ram_reg[0][19]) is unused and will be removed from module data_mem.
WARNING: [Synth 8-3332] Sequential element (data_ram_reg[0][18]) is unused and will be removed from module data_mem.
WARNING: [Synth 8-3332] Sequential element (data_ram_reg[0][17]) is unused and will be removed from module data_mem.
WARNING: [Synth 8-3332] Sequential element (data_ram_reg[0][16]) is unused and will be removed from module data_mem.
WARNING: [Synth 8-3332] Sequential element (data_ram_reg[0][15]) is unused and will be removed from module data_mem.
WARNING: [Synth 8-3332] Sequential element (data_ram_reg[0][14]) is unused and will be removed from module data_mem.
WARNING: [Synth 8-3332] Sequential element (data_ram_reg[0][13]) is unused and will be removed from module data_mem.
WARNING: [Synth 8-3332] Sequential element (data_ram_reg[0][12]) is unused and will be removed from module data_mem.
WARNING: [Synth 8-3332] Sequential element (data_ram_reg[0][11]) is unused and will be removed from module data_mem.
WARNING: [Synth 8-3332] Sequential element (data_ram_reg[0][10]) is unused and will be removed from module data_mem.
WARNING: [Synth 8-3332] Sequential element (data_ram_reg[0][9]) is unused and will be removed from module data_mem.
WARNING: [Synth 8-3332] Sequential element (data_ram_reg[0][8]) is unused and will be removed from module data_mem.
WARNING: [Synth 8-3332] Sequential element (data_ram_reg[0][7]) is unused and will be removed from module data_mem.
WARNING: [Synth 8-3332] Sequential element (data_ram_reg[0][6]) is unused and will be removed from module data_mem.
WARNING: [Synth 8-3332] Sequential element (data_ram_reg[0][5]) is unused and will be removed from module data_mem.
WARNING: [Synth 8-3332] Sequential element (data_ram_reg[0][4]) is unused and will be removed from module data_mem.
WARNING: [Synth 8-3332] Sequential element (data_ram_reg[0][3]) is unused and will be removed from module data_mem.
WARNING: [Synth 8-3332] Sequential element (data_ram_reg[0][2]) is unused and will be removed from module data_mem.
WARNING: [Synth 8-3332] Sequential element (data_ram_reg[0][1]) is unused and will be removed from module data_mem.
WARNING: [Synth 8-3332] Sequential element (data_ram_reg[0][0]) is unused and will be removed from module data_mem.
WARNING: [Synth 8-3332] Sequential element (data_ram_reg[1][31]) is unused and will be removed from module data_mem.
WARNING: [Synth 8-3332] Sequential element (data_ram_reg[1][30]) is unused and will be removed from module data_mem.
WARNING: [Synth 8-3332] Sequential element (data_ram_reg[1][29]) is unused and will be removed from module data_mem.
WARNING: [Synth 8-3332] Sequential element (data_ram_reg[1][28]) is unused and will be removed from module data_mem.
WARNING: [Synth 8-3332] Sequential element (data_ram_reg[1][27]) is unused and will be removed from module data_mem.
WARNING: [Synth 8-3332] Sequential element (data_ram_reg[1][26]) is unused and will be removed from module data_mem.
WARNING: [Synth 8-3332] Sequential element (data_ram_reg[1][25]) is unused and will be removed from module data_mem.
WARNING: [Synth 8-3332] Sequential element (data_ram_reg[1][24]) is unused and will be removed from module data_mem.
WARNING: [Synth 8-3332] Sequential element (data_ram_reg[1][23]) is unused and will be removed from module data_mem.
WARNING: [Synth 8-3332] Sequential element (data_ram_reg[1][22]) is unused and will be removed from module data_mem.
WARNING: [Synth 8-3332] Sequential element (data_ram_reg[1][21]) is unused and will be removed from module data_mem.
WARNING: [Synth 8-3332] Sequential element (data_ram_reg[1][20]) is unused and will be removed from module data_mem.
WARNING: [Synth 8-3332] Sequential element (data_ram_reg[1][19]) is unused and will be removed from module data_mem.
WARNING: [Synth 8-3332] Sequential element (data_ram_reg[1][18]) is unused and will be removed from module data_mem.
WARNING: [Synth 8-3332] Sequential element (data_ram_reg[1][17]) is unused and will be removed from module data_mem.
WARNING: [Synth 8-3332] Sequential element (data_ram_reg[1][16]) is unused and will be removed from module data_mem.
WARNING: [Synth 8-3332] Sequential element (data_ram_reg[1][15]) is unused and will be removed from module data_mem.
WARNING: [Synth 8-3332] Sequential element (data_ram_reg[1][14]) is unused and will be removed from module data_mem.
WARNING: [Synth 8-3332] Sequential element (data_ram_reg[1][13]) is unused and will be removed from module data_mem.
WARNING: [Synth 8-3332] Sequential element (data_ram_reg[1][12]) is unused and will be removed from module data_mem.
WARNING: [Synth 8-3332] Sequential element (data_ram_reg[1][11]) is unused and will be removed from module data_mem.
WARNING: [Synth 8-3332] Sequential element (data_ram_reg[1][10]) is unused and will be removed from module data_mem.
WARNING: [Synth 8-3332] Sequential element (data_ram_reg[1][9]) is unused and will be removed from module data_mem.
WARNING: [Synth 8-3332] Sequential element (data_ram_reg[1][8]) is unused and will be removed from module data_mem.
WARNING: [Synth 8-3332] Sequential element (data_ram_reg[1][7]) is unused and will be removed from module data_mem.
WARNING: [Synth 8-3332] Sequential element (data_ram_reg[1][6]) is unused and will be removed from module data_mem.
WARNING: [Synth 8-3332] Sequential element (data_ram_reg[1][5]) is unused and will be removed from module data_mem.
WARNING: [Synth 8-3332] Sequential element (data_ram_reg[1][4]) is unused and will be removed from module data_mem.
INFO: [Common 17-14] Message 'Synth 8-3332' appears 100 times and further instances of the messages will be disabled. Use the Tcl command set_msg_config to change the current settings.
---------------------------------------------------------------------------------
Finished Cross Boundary and Area Optimization : Time (s): cpu = 00:00:09 ; elapsed = 00:00:21 . Memory (MB): peak = 1228.629 ; gain = 743.812
---------------------------------------------------------------------------------
No constraint files found.
---------------------------------------------------------------------------------
Start Timing Optimization
---------------------------------------------------------------------------------
---------------------------------------------------------------------------------
Finished Timing Optimization : Time (s): cpu = 00:00:09 ; elapsed = 00:00:22 . Memory (MB): peak = 1228.629 ; gain = 743.812
---------------------------------------------------------------------------------
---------------------------------------------------------------------------------
Start Technology Mapping
---------------------------------------------------------------------------------
---------------------------------------------------------------------------------
Finished Technology Mapping : Time (s): cpu = 00:00:09 ; elapsed = 00:00:22 . Memory (MB): peak = 1228.629 ; gain = 743.812
---------------------------------------------------------------------------------
---------------------------------------------------------------------------------
Start IO Insertion
---------------------------------------------------------------------------------
---------------------------------------------------------------------------------
Start Flattening Before IO Insertion
---------------------------------------------------------------------------------
---------------------------------------------------------------------------------
Finished Flattening Before IO Insertion
---------------------------------------------------------------------------------
---------------------------------------------------------------------------------
Start Final Netlist Cleanup
---------------------------------------------------------------------------------
---------------------------------------------------------------------------------
Finished Final Netlist Cleanup
---------------------------------------------------------------------------------
---------------------------------------------------------------------------------
Finished IO Insertion : Time (s): cpu = 00:00:13 ; elapsed = 00:00:28 . Memory (MB): peak = 1228.629 ; gain = 743.812
---------------------------------------------------------------------------------
---------------------------------------------------------------------------------
Start Renaming Generated Instances
---------------------------------------------------------------------------------
---------------------------------------------------------------------------------
Finished Renaming Generated Instances : Time (s): cpu = 00:00:13 ; elapsed = 00:00:28 . Memory (MB): peak = 1228.629 ; gain = 743.812
---------------------------------------------------------------------------------
---------------------------------------------------------------------------------
Start Rebuilding User Hierarchy
---------------------------------------------------------------------------------
---------------------------------------------------------------------------------
Finished Rebuilding User Hierarchy : Time (s): cpu = 00:00:13 ; elapsed = 00:00:28 . Memory (MB): peak = 1228.629 ; gain = 743.812
---------------------------------------------------------------------------------
---------------------------------------------------------------------------------
Start Renaming Generated Ports
---------------------------------------------------------------------------------
---------------------------------------------------------------------------------
Finished Renaming Generated Ports : Time (s): cpu = 00:00:13 ; elapsed = 00:00:28 . Memory (MB): peak = 1228.629 ; gain = 743.812
---------------------------------------------------------------------------------
---------------------------------------------------------------------------------
Start Handling Custom Attributes
---------------------------------------------------------------------------------
---------------------------------------------------------------------------------
Finished Handling Custom Attributes : Time (s): cpu = 00:00:13 ; elapsed = 00:00:28 . Memory (MB): peak = 1228.629 ; gain = 743.812
---------------------------------------------------------------------------------
---------------------------------------------------------------------------------
Start Renaming Generated Nets
---------------------------------------------------------------------------------
---------------------------------------------------------------------------------
Finished Renaming Generated Nets : Time (s): cpu = 00:00:13 ; elapsed = 00:00:28 . Memory (MB): peak = 1228.629 ; gain = 743.812
---------------------------------------------------------------------------------
---------------------------------------------------------------------------------
Start Writing Synthesis Report
---------------------------------------------------------------------------------

Report BlackBoxes: 
+-+--------------+----------+
| |BlackBox name |Instances |
+-+--------------+----------+
+-+--------------+----------+

Report Cell Usage: 
+-+-----+------+
| |Cell |Count |
+-+-----+------+
+-+-----+------+

Report Instance Areas: 
+------+---------+-------+------+
|      |Instance |Module |Cells |
+------+---------+-------+------+
|1     |top      |       |     0|
+------+---------+-------+------+
---------------------------------------------------------------------------------
Finished Writing Synthesis Report : Time (s): cpu = 00:00:13 ; elapsed = 00:00:28 . Memory (MB): peak = 1228.629 ; gain = 743.812
---------------------------------------------------------------------------------
Synthesis finished with 0 errors, 2 critical warnings and 4714 warnings.
Synthesis Optimization Runtime : Time (s): cpu = 00:00:13 ; elapsed = 00:00:28 . Memory (MB): peak = 1228.629 ; gain = 743.812
Synthesis Optimization Complete : Time (s): cpu = 00:00:13 ; elapsed = 00:00:28 . Memory (MB): peak = 1228.629 ; gain = 743.812
INFO: [Project 1-571] Translating synthesized netlist
Netlist sorting complete. Time (s): cpu = 00:00:00 ; elapsed = 00:00:00 . Memory (MB): peak = 1228.629 ; gain = 0.000
INFO: [Project 1-570] Preparing netlist for logic optimization
INFO: [Opt 31-138] Pushed 0 inverter(s) to 0 load pin(s).
Netlist sorting complete. Time (s): cpu = 00:00:00 ; elapsed = 00:00:00 . Memory (MB): peak = 1325.547 ; gain = 0.000
INFO: [Project 1-111] Unisim Transformation Summary:
No Unisim elements were transformed.

The system cannot find the path specified.
Synth Design complete | Checksum: 11e1daab
INFO: [Common 17-83] Releasing license: Synthesis
54 Infos, 359 Warnings, 2 Critical Warnings and 0 Errors encountered.
synth_design completed successfully
synth_design: Time (s): cpu = 00:00:14 ; elapsed = 00:00:31 . Memory (MB): peak = 1325.547 ; gain = 847.590
INFO: [runtcl-6] Synthesis results are not added to the cache due to CRITICAL_WARNING
INFO: [Common 17-1381] The checkpoint 'C:/Users/alx30/Documents/CPUProject/CPUProject/CPUProject.runs/synth_1/cpu_assembly.dcp' has been generated.
INFO: [runtcl-4] Executing : report_utilization -file cpu_assembly_utilization_synth.rpt -pb cpu_assembly_utilization_synth.pb
INFO: [Common 17-206] Exiting Vivado at Sat Jun  1 14:22:40 2024...
